<?xml version="1.0" encoding="UTF-8"?>
<!-- Generated by org.testng.reporters.JUnitReportReporter -->
<testsuite hostname="SC-201909300102" failures="0" tests="1" name="test.java.Project1.TestSelenium" time="6.996" errors="0" timestamp="2021-12-07T13:39:52 EST" skipped="0">
  <testcase classname="test.java.Project1.TestSelenium" name="test1" time="6.996"/>
  <system-out/>
</testsuite> <!-- test.java.Project1.TestSelenium -->
