<?xml version="1.0" encoding="UTF-8"?>
<!-- Generated by org.testng.reporters.JUnitReportReporter -->
<testsuite hostname="SC-201909300102" failures="0" tests="1" name="APITest.ApiTest" time="0.917" errors="0" timestamp="2021-12-07T11:09:13 EST" skipped="0">
  <testcase classname="APITest.ApiTest" name="TestListUsers" time="0.917"/>
  <system-out/>
</testsuite> <!-- APITest.ApiTest -->
