<?xml version="1.0" encoding="UTF-8"?>
<!-- Generated by org.testng.reporters.JUnitReportReporter -->
<testsuite hostname="SC-201909300102" failures="0" tests="3" name="com.textbox.NewTest" time="10.039" errors="0" timestamp="2021-12-03T10:36:25 EST" skipped="0">
  <testcase classname="com.textbox.NewTest" name="f" time="2.528"/>
  <system-out/>
  <testcase classname="com.textbox.NewTest" name="FirefoxTest" time="4.690"/>
  <system-out/>
  <testcase classname="com.textbox.NewTest" name="ChromeTest" time="2.821"/>
  <system-out/>
</testsuite> <!-- com.textbox.NewTest -->
