<?xml version="1.0" encoding="UTF-8"?>
<!-- Generated by org.testng.reporters.JUnitReportReporter -->
<testsuite hostname="SC-201909300102" failures="0" tests="1" name="TestSelenium" time="4.358" errors="0" timestamp="2021-12-03T13:59:41 EST" skipped="0">
  <testcase classname="TestSelenium" name="f" time="4.358"/>
  <system-out/>
</testsuite> <!-- TestSelenium -->
