<?xml version="1.0" encoding="UTF-8"?>
<!-- Generated by org.testng.reporters.JUnitReportReporter -->
<testsuite hostname="SC-201909300102" failures="0" tests="1" name="com.textbox.NewTest1" time="2.368" errors="0" timestamp="2021-12-03T10:36:25 EST" skipped="0">
  <testcase classname="com.textbox.NewTest1" name="f" time="2.368"/>
  <system-out/>
</testsuite> <!-- com.textbox.NewTest1 -->
